2025-11-20 10:54:50,978 WARNING Using MockClient (no API keys or python-binance missing)
2025-11-20 10:54:50,978 INFO Market order placed: {'orderId': 1001, 'clientOrderId': 'mock-1001', 'status': 'NEW', 'symbol': 'BTCUSDT', 'origQty': 0.01, 'executedQty': '0', 'type': 'MARKET', 'side': 'BUY', 'fills': [], 'transactTime': 1763616290978}
2025-11-20 10:55:37,049 WARNING Using MockClient (no API keys or python-binance missing)
2025-11-20 10:55:37,049 INFO Limit order placed: {'orderId': 1001, 'clientOrderId': 'mock-1001', 'status': 'NEW', 'symbol': 'BTCUSDT', 'origQty': 0.01, 'executedQty': '0', 'type': 'LIMIT', 'side': 'BUY', 'fills': [], 'transactTime': 1763616337049}
2025-11-20 11:00:49,017 WARNING Using MockClient (no API keys or python-binance missing)
2025-11-20 11:00:49,056 INFO Stop-limit order placed: {'orderId': 1001, 'clientOrderId': 'mock-1001', 'status': 'NEW', 'symbol': 'BTCUSDT', 'origQty': 0.01, 'executedQty': '0', 'type': 'STOP_LOSS_LIMIT', 'side': 'BUY', 'fills': [], 'transactTime': 1763616649056}
2025-11-20 11:02:31,740 WARNING Using MockClient (no API keys or python-binance missing)
2025-11-20 11:02:31,740 INFO Placed take-profit order: {'orderId': 1001, 'clientOrderId': 'mock-1001', 'status': 'NEW', 'symbol': 'BTCUSDT', 'origQty': 0.01, 'executedQty': '0', 'type': 'LIMIT', 'side': 'SELL', 'fills': [], 'transactTime': 1763616751740}
2025-11-20 11:02:31,741 INFO Placed stop-loss order: {'orderId': 1002, 'clientOrderId': 'mock-1002', 'status': 'NEW', 'symbol': 'BTCUSDT', 'origQty': 0.01, 'executedQty': '0', 'type': 'STOP_LOSS_LIMIT', 'side': 'SELL', 'fills': [], 'transactTime': 1763616751741}
2025-11-20 11:05:07,548 WARNING Using MockClient (no API keys or python-binance missing)
2025-11-20 11:05:07,549 INFO TWAP slice 1 executed: {'orderId': 1001, 'clientOrderId': 'mock-1001', 'status': 'NEW', 'symbol': 'BTCUSDT', 'origQty': 0.02, 'executedQty': '0', 'type': 'MARKET', 'side': 'BUY', 'fills': [], 'transactTime': 1763616907549}
2025-11-20 11:05:08,550 INFO TWAP slice 2 executed: {'orderId': 1002, 'clientOrderId': 'mock-1002', 'status': 'NEW', 'symbol': 'BTCUSDT', 'origQty': 0.02, 'executedQty': '0', 'type': 'MARKET', 'side': 'BUY', 'fills': [], 'transactTime': 1763616908550}
2025-11-20 11:05:09,551 INFO TWAP slice 3 executed: {'orderId': 1003, 'clientOrderId': 'mock-1003', 'status': 'NEW', 'symbol': 'BTCUSDT', 'origQty': 0.02, 'executedQty': '0', 'type': 'MARKET', 'side': 'BUY', 'fills': [], 'transactTime': 1763616909551}
2025-11-20 11:05:10,556 INFO TWAP slice 4 executed: {'orderId': 1004, 'clientOrderId': 'mock-1004', 'status': 'NEW', 'symbol': 'BTCUSDT', 'origQty': 0.02, 'executedQty': '0', 'type': 'MARKET', 'side': 'BUY', 'fills': [], 'transactTime': 1763616910556}
2025-11-20 11:05:11,558 INFO TWAP slice 5 executed: {'orderId': 1005, 'clientOrderId': 'mock-1005', 'status': 'NEW', 'symbol': 'BTCUSDT', 'origQty': 0.02, 'executedQty': '0', 'type': 'MARKET', 'side': 'BUY', 'fills': [], 'transactTime': 1763616911558}
2025-11-20 11:06:08,637 WARNING Using MockClient (no API keys or python-binance missing)
2025-11-20 11:06:08,637 INFO Grid order placed: {'orderId': 1001, 'clientOrderId': 'mock-1001', 'status': 'NEW', 'symbol': 'BTCUSDT', 'origQty': 0.01, 'executedQty': '0', 'type': 'LIMIT', 'side': 'BUY', 'fills': [], 'transactTime': 1763616968637}
2025-11-20 11:06:08,638 INFO Grid order placed: {'orderId': 1002, 'clientOrderId': 'mock-1002', 'status': 'NEW', 'symbol': 'BTCUSDT', 'origQty': 0.01, 'executedQty': '0', 'type': 'LIMIT', 'side': 'BUY', 'fills': [], 'transactTime': 1763616968638}
2025-11-20 11:06:08,638 INFO Grid order placed: {'orderId': 1003, 'clientOrderId': 'mock-1003', 'status': 'NEW', 'symbol': 'BTCUSDT', 'origQty': 0.01, 'executedQty': '0', 'type': 'LIMIT', 'side': 'BUY', 'fills': [], 'transactTime': 1763616968638}
2025-11-20 11:06:08,638 INFO Grid order placed: {'orderId': 1004, 'clientOrderId': 'mock-1004', 'status': 'NEW', 'symbol': 'BTCUSDT', 'origQty': 0.01, 'executedQty': '0', 'type': 'LIMIT', 'side': 'BUY', 'fills': [], 'transactTime': 1763616968638}
2025-11-20 11:06:08,639 INFO Grid order placed: {'orderId': 1005, 'clientOrderId': 'mock-1005', 'status': 'NEW', 'symbol': 'BTCUSDT', 'origQty': 0.01, 'executedQty': '0', 'type': 'LIMIT', 'side': 'BUY', 'fills': [], 'transactTime': 1763616968639}
2025-11-20 17:16:07,646 WARNING Using MockClient (no API keys or python-binance missing)
2025-11-20 17:16:07,647 INFO Market order placed: {'orderId': 1001, 'clientOrderId': 'mock-1001', 'status': 'NEW', 'symbol': 'BTCUSDT', 'origQty': 0.01, 'executedQty': '0', 'type': 'MARKET', 'side': 'BUY', 'fills': [], 'transactTime': 1763639167647}
2025-11-20 17:16:16,590 WARNING Using MockClient (no API keys or python-binance missing)
2025-11-20 17:16:16,591 INFO Limit order placed: {'orderId': 1001, 'clientOrderId': 'mock-1001', 'status': 'NEW', 'symbol': 'BTCUSDT', 'origQty': 0.01, 'executedQty': '0', 'type': 'LIMIT', 'side': 'BUY', 'fills': [], 'transactTime': 1763639176591}
2025-11-20 17:16:25,821 WARNING Using MockClient (no API keys or python-binance missing)
2025-11-20 17:16:25,821 INFO Stop-limit order placed: {'orderId': 1001, 'clientOrderId': 'mock-1001', 'status': 'NEW', 'symbol': 'BTCUSDT', 'origQty': 0.01, 'executedQty': '0', 'type': 'STOP_LOSS_LIMIT', 'side': 'BUY', 'fills': [], 'transactTime': 1763639185821}
2025-11-20 17:16:44,352 WARNING Using MockClient (no API keys or python-binance missing)
2025-11-20 17:16:44,352 INFO Placed take-profit order: {'orderId': 1001, 'clientOrderId': 'mock-1001', 'status': 'NEW', 'symbol': 'BTCUSDT', 'origQty': 0.01, 'executedQty': '0', 'type': 'LIMIT', 'side': 'SELL', 'fills': [], 'transactTime': 1763639204352}
2025-11-20 17:16:44,353 INFO Placed stop-loss order: {'orderId': 1002, 'clientOrderId': 'mock-1002', 'status': 'NEW', 'symbol': 'BTCUSDT', 'origQty': 0.01, 'executedQty': '0', 'type': 'STOP_LOSS_LIMIT', 'side': 'SELL', 'fills': [], 'transactTime': 1763639204353}
2025-11-20 17:16:54,200 WARNING Using MockClient (no API keys or python-binance missing)
2025-11-20 17:16:54,200 INFO TWAP slice 1 executed: {'orderId': 1001, 'clientOrderId': 'mock-1001', 'status': 'NEW', 'symbol': 'BTCUSDT', 'origQty': 0.02, 'executedQty': '0', 'type': 'MARKET', 'side': 'BUY', 'fills': [], 'transactTime': 1763639214200}
2025-11-20 17:16:55,201 INFO TWAP slice 2 executed: {'orderId': 1002, 'clientOrderId': 'mock-1002', 'status': 'NEW', 'symbol': 'BTCUSDT', 'origQty': 0.02, 'executedQty': '0', 'type': 'MARKET', 'side': 'BUY', 'fills': [], 'transactTime': 1763639215201}
2025-11-20 17:16:56,202 INFO TWAP slice 3 executed: {'orderId': 1003, 'clientOrderId': 'mock-1003', 'status': 'NEW', 'symbol': 'BTCUSDT', 'origQty': 0.02, 'executedQty': '0', 'type': 'MARKET', 'side': 'BUY', 'fills': [], 'transactTime': 1763639216202}
2025-11-20 17:16:57,203 INFO TWAP slice 4 executed: {'orderId': 1004, 'clientOrderId': 'mock-1004', 'status': 'NEW', 'symbol': 'BTCUSDT', 'origQty': 0.02, 'executedQty': '0', 'type': 'MARKET', 'side': 'BUY', 'fills': [], 'transactTime': 1763639217203}
2025-11-20 17:16:58,204 INFO TWAP slice 5 executed: {'orderId': 1005, 'clientOrderId': 'mock-1005', 'status': 'NEW', 'symbol': 'BTCUSDT', 'origQty': 0.02, 'executedQty': '0', 'type': 'MARKET', 'side': 'BUY', 'fills': [], 'transactTime': 1763639218204}
2025-11-20 17:17:04,987 WARNING Using MockClient (no API keys or python-binance missing)
2025-11-20 17:17:04,988 INFO Grid order placed: {'orderId': 1001, 'clientOrderId': 'mock-1001', 'status': 'NEW', 'symbol': 'BTCUSDT', 'origQty': 0.01, 'executedQty': '0', 'type': 'LIMIT', 'side': 'BUY', 'fills': [], 'transactTime': 1763639224988}
2025-11-20 17:17:04,988 INFO Grid order placed: {'orderId': 1002, 'clientOrderId': 'mock-1002', 'status': 'NEW', 'symbol': 'BTCUSDT', 'origQty': 0.01, 'executedQty': '0', 'type': 'LIMIT', 'side': 'BUY', 'fills': [], 'transactTime': 1763639224988}
2025-11-20 17:17:04,988 INFO Grid order placed: {'orderId': 1003, 'clientOrderId': 'mock-1003', 'status': 'NEW', 'symbol': 'BTCUSDT', 'origQty': 0.01, 'executedQty': '0', 'type': 'LIMIT', 'side': 'BUY', 'fills': [], 'transactTime': 1763639224988}
2025-11-20 17:17:04,988 INFO Grid order placed: {'orderId': 1004, 'clientOrderId': 'mock-1004', 'status': 'NEW', 'symbol': 'BTCUSDT', 'origQty': 0.01, 'executedQty': '0', 'type': 'LIMIT', 'side': 'BUY', 'fills': [], 'transactTime': 1763639224988}
2025-11-20 17:17:04,988 INFO Grid order placed: {'orderId': 1005, 'clientOrderId': 'mock-1005', 'status': 'NEW', 'symbol': 'BTCUSDT', 'origQty': 0.01, 'executedQty': '0', 'type': 'LIMIT', 'side': 'BUY', 'fills': [], 'transactTime': 1763639224988}
